\BOOKMARK [0][-]{section*.1}{\376\377\000A\000b\000s\000t\000r\000a\000c\000t}{}% 1
\BOOKMARK [0][-]{section*.4}{\376\377\000A\000c\000k\000n\000o\000w\000l\000e\000d\000g\000e\000m\000e\000n\000t\000s}{}% 2
\BOOKMARK [0][-]{chapter*.10}{\376\377\000L\000i\000s\000t\000\040\000o\000f\000\040\000F\000i\000g\000u\000r\000e\000s}{}% 3
\BOOKMARK [0][-]{chapter.1}{\376\377\000I\000n\000t\000r\000o\000d\000u\000c\000t\000i\000o\000n}{}% 4
\BOOKMARK [1][-]{section.1.1}{\376\377\000P\000u\000r\000p\000o\000s\000e\000\040\000o\000f\000\040\000B\000a\000c\000k\000g\000r\000o\000u\000n\000d}{chapter.1}% 5
\BOOKMARK [1][-]{section.1.2}{\376\377\000I\000n\000t\000r\000o\000d\000u\000c\000t\000i\000o\000n\000\040\000t\000o\000\040\000C\000o\000n\000t\000i\000n\000u\000o\000u\000s\000\040\000S\000t\000a\000t\000e\000\040\000S\000p\000a\000c\000e}{chapter.1}% 6
\BOOKMARK [2][-]{subsection.1.2.1}{\376\377\000E\000x\000a\000m\000p\000l\000e\000\040\040\024\000\040\000S\000t\000a\000t\000e\000\040\000S\000p\000a\000c\000e\000\040\000F\000o\000r\000m\000u\000l\000a\000t\000i\000o\000n}{section.1.2}% 7
\BOOKMARK [1][-]{section.1.3}{\376\377\000D\000i\000s\000c\000r\000e\000t\000i\000z\000a\000t\000i\000o\000n\000\040\000o\000f\000\040\000a\000\040\000C\000o\000n\000t\000i\000n\000u\000o\000u\000s\000\040\000M\000o\000d\000e\000l}{chapter.1}% 8
\BOOKMARK [2][-]{subsection.1.3.1}{\376\377\000E\000x\000a\000m\000p\000l\000e\000\040\040\024\000\040\000D\000i\000s\000c\000r\000e\000t\000i\000z\000a\000t\000i\000o\000n}{section.1.3}% 9
\BOOKMARK [1][-]{section.1.4}{\376\377\000D\000e\000f\000i\000n\000i\000n\000g\000\040\000C\000o\000n\000t\000r\000o\000l}{chapter.1}% 10
\BOOKMARK [2][-]{subsection.1.4.1}{\376\377\000E\000x\000a\000m\000p\000l\000e\000\040\040\024\000\040\000B\000a\000s\000i\000c\000\040\000C\000o\000n\000t\000r\000o\000l\000\040\000w\000i\000t\000h\000\040\000P\000o\000l\000e\000\040\000P\000l\000a\000c\000e\000m\000e\000n\000t}{section.1.4}% 11
\BOOKMARK [1][-]{section.1.5}{\376\377\000L\000i\000n\000e\000a\000r\000\040\000Q\000u\000a\000d\000r\000a\000t\000i\000c\000\040\000R\000e\000g\000u\000l\000a\000t\000o\000r\000\040\000C\000o\000n\000t\000r\000o\000l\000l\000e\000r}{chapter.1}% 12
\BOOKMARK [2][-]{subsection.1.5.1}{\376\377\000E\000x\000a\000m\000p\000l\000e\000\040\040\024\000\040\000L\000Q\000R}{section.1.5}% 13
\BOOKMARK [1][-]{section.1.6}{\376\377\000I\000t\000e\000r\000a\000t\000i\000v\000e\000\040\000L\000e\000a\000r\000n\000i\000n\000g\000\040\000C\000o\000n\000t\000r\000o\000l}{chapter.1}% 14
\BOOKMARK [2][-]{subsection.1.6.1}{\376\377\000E\000x\000a\000m\000p\000l\000e\000\040\040\024\000\040\000I\000L\000C}{section.1.6}% 15
\BOOKMARK [1][-]{section.1.7}{\376\377\000R\000e\000i\000n\000f\000o\000r\000c\000e\000m\000e\000n\000t\000\040\000L\000e\000a\000r\000n\000i\000n\000g}{chapter.1}% 16
\BOOKMARK [2][-]{subsection.1.7.1}{\376\377\000P\000o\000l\000i\000c\000y\000\040\000I\000t\000e\000r\000a\000t\000i\000o\000n}{section.1.7}% 17
\BOOKMARK [3][-]{section*.34}{\376\377\000E\000x\000a\000m\000p\000l\000e\000\040\040\024\000\040\000P\000o\000l\000i\000c\000y\000\040\000I\000t\000e\000r\000a\000t\000i\000o\000n}{subsection.1.7.1}% 18
\BOOKMARK [2][-]{subsection.1.7.2}{\376\377\000I\000n\000p\000u\000t\000\040\000D\000e\000c\000o\000u\000p\000l\000i\000n\000g}{section.1.7}% 19
\BOOKMARK [3][-]{section*.39}{\376\377\000E\000x\000a\000m\000p\000l\000e\000\040\040\024\000\040\000I\000n\000p\000u\000t\000\040\000D\000e\000c\000o\000u\000p\000l\000i\000n\000g}{subsection.1.7.2}% 20
\BOOKMARK [1][-]{section.1.8}{\376\377\000S\000u\000m\000m\000a\000r\000y}{chapter.1}% 21
\BOOKMARK [0][-]{chapter.2}{\376\377\000M\000e\000t\000h\000o\000d\000s\000\040\000a\000n\000d\000\040\000E\000x\000p\000e\000r\000i\000m\000e\000n\000t\000a\000t\000i\000o\000n}{}% 22
\BOOKMARK [1][-]{section.2.1}{\376\377\000R\000e\000i\000n\000f\000o\000r\000c\000e\000m\000e\000n\000t\000\040\000L\000e\000a\000r\000n\000i\000n\000g\000\040\000o\000n\000\040\000I\000t\000e\000r\000a\000t\000i\000v\000e\000\040\000L\000e\000a\000r\000n\000i\000n\000g\000\040\000C\000o\000n\000t\000r\000o\000l}{chapter.2}% 23
\BOOKMARK [2][-]{subsection.2.1.1}{\376\377\000E\000x\000a\000m\000p\000l\000e\000\040\040\024\000\040\000P\000o\000l\000i\000c\000y\000\040\000I\000t\000e\000r\000a\000t\000i\000o\000n\000\040\000o\000n\000\040\000I\000L\000C}{section.2.1}% 24
\BOOKMARK [2][-]{subsection.2.1.2}{\376\377\000E\000x\000a\000m\000p\000l\000e\000\040\040\024\000\040\000I\000n\000p\000u\000t\000\040\000D\000e\000c\000o\000u\000p\000l\000i\000n\000g\000\040\000o\000n\000\040\000I\000L\000C}{section.2.1}% 25
\BOOKMARK [2][-]{subsection.2.1.3}{\376\377\000S\000u\000m\000m\000a\000r\000y\000\040\000o\000f\000\040\000R\000L\000\040\000o\000n\000\040\000I\000L\000C}{section.2.1}% 26
\BOOKMARK [1][-]{section.2.2}{\376\377\000B\000a\000s\000i\000s\000\040\000F\000u\000n\000c\000t\000i\000o\000n\000s}{chapter.2}% 27
\BOOKMARK [2][-]{subsection.2.2.1}{\376\377\000W\000h\000a\000t\000\040\000a\000r\000e\000\040\000B\000a\000s\000i\000s\000\040\000F\000u\000n\000c\000t\000i\000o\000n\000s}{section.2.2}% 28
\BOOKMARK [2][-]{subsection.2.2.2}{\376\377\000C\000h\000e\000b\000y\000s\000h\000e\000v\000\040\000P\000o\000l\000y\000n\000o\000m\000i\000a\000l\000s}{section.2.2}% 29
\BOOKMARK [3][-]{section*.60}{\376\377\000E\000x\000a\000m\000p\000l\000e\000\040\040\024\000\040\000M\000a\000t\000l\000a\000b\000\040\000C\000r\000e\000a\000t\000i\000o\000n\000\040\000o\000f\000\040\000C\000h\000e\000b\000y\000s\000h\000e\000v\000\040\000P\000o\000l\000y\000n\000o\000m\000i\000a\000l\000s}{subsection.2.2.2}% 30
\BOOKMARK [2][-]{subsection.2.2.3}{\376\377\000B\000a\000s\000i\000s\000\040\000R\000e\000q\000u\000i\000r\000e\000m\000e\000n\000t\000s\000\040\000i\000n\000\040\000R\000e\000i\000n\000f\000o\000r\000c\000e\000m\000e\000n\000t\000\040\000L\000e\000a\000r\000n\000i\000n\000g}{section.2.2}% 31
\BOOKMARK [3][-]{section*.66}{\376\377\000D\000e\000m\000o\000n\000s\000t\000r\000a\000t\000i\000o\000n\000\040\000o\000f\000\040\000R\000e\000q\000u\000i\000r\000e\000m\000e\000n\000t\000s}{subsection.2.2.3}% 32
\BOOKMARK [4][-]{section*.67}{\376\377\000F\000I\000P\000O}{section*.66}% 33
\BOOKMARK [4][-]{section*.75}{\376\377\000P\000I\000F\000O}{section*.66}% 34
\BOOKMARK [4][-]{section*.83}{\376\377\000F\000I\000P\000O\000\040\000v\000s\000\040\000P\000I\000F\000O}{section*.66}% 35
\BOOKMARK [4][-]{section*.84}{\376\377\000F\000I\000S\000O}{section*.66}% 36
\BOOKMARK [4][-]{section*.89}{\376\377\000S\000I\000F\000O}{section*.66}% 37
\BOOKMARK [4][-]{section*.94}{\376\377\000F\000I\000S\000O\000\040\000v\000s\000\040\000S\000I\000F\000O}{section*.66}% 38
\BOOKMARK [3][-]{section*.95}{\376\377\000S\000u\000m\000m\000a\000r\000y}{subsection.2.2.3}% 39
\BOOKMARK [2][-]{subsection.2.2.4}{\376\377\000C\000r\000e\000a\000t\000i\000n\000g\000\040\000a\000\040\000D\000y\000n\000a\000m\000i\000c\000\040\000B\000a\000s\000i\000s\000\040\000S\000p\000a\000c\000e\000\040\000f\000r\000o\000m\000\040\000L\000e\000a\000r\000n\000e\000d\000\040\000I\000n\000p\000u\000t\000s}{section.2.2}% 40
\BOOKMARK [3][-]{section*.96}{\376\377\000E\000x\000a\000m\000p\000l\000e}{subsection.2.2.4}% 41
\BOOKMARK [3][-]{section*.101}{\376\377\000S\000u\000m\000m\000a\000r\000y\000\040\000o\000f\000\040\000D\000y\000a\000n\000m\000i\000c\000\040\000S\000p\000a\000c\000e\000s}{subsection.2.2.4}% 42
\BOOKMARK [2][-]{subsection.2.2.5}{\376\377\000S\000u\000m\000m\000a\000r\000y\000\040\000o\000f\000\040\000B\000a\000s\000i\000s\000\040\000F\000u\000n\000c\000t\000i\000o\000n}{section.2.2}% 43
\BOOKMARK [1][-]{section.2.3}{\376\377\000C\000o\000n\000j\000u\000g\000a\000t\000e\000\040\000B\000a\000s\000i\000s\000\040\000F\000u\000n\000c\000t\000i\000o\000n\000s}{chapter.2}% 44
\BOOKMARK [2][-]{subsection.2.3.1}{\376\377\000W\000h\000a\000t\000\040\000a\000r\000e\000\040\000C\000o\000n\000j\000u\000g\000a\000t\000e\000\040\000B\000a\000s\000i\000s\000\040\000F\000u\000n\000c\000t\000i\000o\000n\000s}{section.2.3}% 45
\BOOKMARK [2][-]{subsection.2.3.2}{\376\377\000D\000e\000r\000i\000v\000i\000n\000g\000\040\000C\000o\000n\000j\000u\000g\000a\000t\000e\000\040\000B\000a\000s\000i\000s\000\040\000F\000u\000n\000c\000t\000i\000o\000n\000s}{section.2.3}% 46
\BOOKMARK [2][-]{subsection.2.3.3}{\376\377\000E\000x\000t\000r\000a\000c\000t\000i\000n\000g\000\040\000C\000o\000n\000j\000u\000g\000a\000t\000e\000\040\000B\000a\000s\000i\000s\000\040\000F\000u\000n\000c\000t\000i\000o\000n\000s}{section.2.3}% 47
\BOOKMARK [3][-]{section*.103}{\376\377\000T\000h\000e\000\040\000B\000a\000t\000c\000h\000\040\000A\000p\000p\000r\000o\000a\000c\000h}{subsection.2.3.3}% 48
\BOOKMARK [4][-]{section*.104}{\376\377\000B\000a\000t\000c\000h\000\040\000E\000x\000a\000m\000p\000l\000e}{section*.103}% 49
\BOOKMARK [3][-]{section*.107}{\376\377\000T\000h\000e\000\040\000I\000t\000e\000r\000a\000t\000i\000v\000e\000\040\000A\000p\000p\000r\000o\000a\000c\000h}{subsection.2.3.3}% 50
\BOOKMARK [4][-]{section*.108}{\376\377\000I\000t\000e\000r\000a\000t\000i\000v\000e\000\040\000E\000x\000a\000m\000p\000l\000e}{section*.107}% 51
\BOOKMARK [3][-]{section*.112}{\376\377\000P\000r\000o\000p\000e\000r\000t\000i\000e\000s}{subsection.2.3.3}% 52
\BOOKMARK [0][-]{chapter.3}{\376\377\000R\000e\000s\000u\000l\000t\000s}{}% 53
\BOOKMARK [1][-]{section.3.1}{\376\377\000R\000L\000\040\000o\000n\000\040\000I\000L\000C\000\040\000i\000n\000\040\000a\000\040\000C\000o\000n\000j\000u\000g\000a\000t\000e\000\040\000B\000a\000s\000i\000s\000\040\000S\000p\000a\000c\000e}{chapter.3}% 54
\BOOKMARK [2][-]{subsection.3.1.1}{\376\377\000T\000y\000i\000n\000g\000\040\000i\000t\000\040\000a\000l\000l\000\040\000t\000o\000g\000e\000t\000h\000e\000r}{section.3.1}% 55
\BOOKMARK [3][-]{section*.113}{\376\377\000T\000h\000e\000\040\000C\000o\000n\000j\000u\000g\000a\000t\000e\000\040\000L\000Q\000R\000\040\000C\000o\000n\000t\000r\000o\000l\000l\000e\000r}{subsection.3.1.1}% 56
\BOOKMARK [4][-]{section*.114}{\376\377\000E\000x\000a\000m\000p\000l\000e\000\040\000n\000a\000m\000e}{section*.113}% 57
\BOOKMARK [3][-]{section*.117}{\376\377\000D\000y\000n\000a\000m\000i\000c\000\040\000C\000o\000n\000j\000u\000g\000a\000t\000e\000\040\000B\000a\000s\000i\000s\000\040\000S\000p\000a\000c\000e}{subsection.3.1.1}% 58
\BOOKMARK [3][-]{section*.118}{\376\377\000F\000i\000x\000e\000d\000\040\000R\000e\000s\000o\000l\000u\000t\000i\000o\000n}{subsection.3.1.1}% 59
\BOOKMARK [4][-]{section*.119}{\376\377\000E\000x\000a\000m\000p\000l\000e\000\040\000n\000a\000m\000e}{section*.118}% 60
\BOOKMARK [3][-]{section*.122}{\376\377\000F\000i\000x\000e\000d\000\040\000R\000e\000s\000o\000l\000u\000t\000i\000o\000n}{subsection.3.1.1}% 61
\BOOKMARK [4][-]{section*.123}{\376\377\000E\000x\000a\000m\000p\000l\000e\000\040\000n\000a\000m\000e}{section*.122}% 62
\BOOKMARK [3][-]{section*.125}{\376\377\000F\000i\000x\000e\000d\000\040\000R\000e\000s\000o\000l\000u\000t\000i\000o\000n}{subsection.3.1.1}% 63
\BOOKMARK [4][-]{section*.127}{\376\377\000G\000r\000o\000w\000i\000n\000g}{section*.125}% 64
\BOOKMARK [4][-]{section*.128}{\376\377\000E\000x\000a\000m\000p\000l\000e\000\040\040\023\000\040\000G\000r\000o\000w\000i\000n\000g}{section*.125}% 65
\BOOKMARK [0][-]{chapter.4}{\376\377\000S\000u\000m\000m\000a\000r\000y}{}% 66
\BOOKMARK [0][-]{chapter.5}{\376\377\000R\000e\000c\000o\000m\000m\000e\000n\000d\000a\000t\000i\000o\000n\000s\000\040\000f\000o\000r\000\040\000F\000u\000t\000u\000r\000e\000\040\000W\000o\000r\000k}{}% 67
\BOOKMARK [0][-]{appendix.A}{\376\377\000D\000e\000r\000i\000v\000a\000t\000i\000o\000n\000s}{}% 68
\BOOKMARK [1][-]{section.A.1}{\376\377\000L\000Q\000L\000\040\000D\000e\000r\000i\000v\000a\000t\000i\000o\000n}{appendix.A}% 69
\BOOKMARK [0][-]{appendix.B}{\376\377\000M\000a\000t\000l\000a\000b\000\040\000S\000i\000m\000u\000l\000a\000t\000i\000o\000n\000s\000\040\000a\000n\000d\000\040\000E\000x\000a\000m\000p\000l\000e\000s}{}% 70
\BOOKMARK [1][-]{subsection.B.0.1}{\376\377\000B\000a\000c\000k\000g\000r\000o\000u\000n\000d}{appendix.B}% 71
\BOOKMARK [2][-]{subsection.B.0.2}{\376\377\000B\000a\000s\000i\000s\000\040\000F\000u\000n\000c\000t\000i\000o\000n\000s}{subsection.B.0.1}% 72
\BOOKMARK [2][-]{subsection.B.0.3}{\376\377\000B\000a\000c\000k\000g\000r\000o\000u\000n\000d}{subsection.B.0.1}% 73
\BOOKMARK [2][-]{subsection.B.0.4}{\376\377\000D\000e\000r\000i\000v\000a\000t\000i\000o\000n\000\040\000a\000n\000d\000\040\000D\000e\000m\000o\000n\000s\000t\000r\000a\000t\000i\000o\000n\000\040\000o\000f\000\040\000C\000o\000n\000j\000u\000g\000a\000t\000e\000\040\000B\000a\000s\000i\000s\000\040\000F\000u\000n\000c\000t\000i\000o\000n\000s}{subsection.B.0.1}% 74
\BOOKMARK [2][-]{subsection.B.0.5}{\376\377\000R\000L\000\040\000o\000n\000\040\000I\000L\000C}{subsection.B.0.1}% 75
\BOOKMARK [0][-]{appendix.C}{\376\377\000M\000a\000t\000l\000a\000b\000\040\000F\000u\000n\000c\000t\000i\000o\000n\000s}{}% 76
\BOOKMARK [1][-]{subsection.C.0.1}{\376\377\000C\000o\000n\000t\000r\000o\000l\000l\000a\000b\000i\000l\000i\000t\000y\000\040\000C\000h\000e\000c\000k}{appendix.C}% 77
\BOOKMARK [2][-]{subsection.C.0.2}{\376\377\000D\000e\000c\000o\000u\000p\000l\000e\000d\000\040\000L\000e\000a\000r\000n\000i\000n\000g\000\040\000f\000o\000r\000\040\000I\000t\000e\000r\000a\000t\000i\000v\000e\000\040\000L\000e\000a\000r\000n\000i\000n\000g\000\040\000C\000o\000n\000t\000r\000o\000l}{subsection.C.0.1}% 78
\BOOKMARK [2][-]{subsection.C.0.3}{\376\377\000D\000e\000f\000a\000u\000l\000t\000\040\000F\000i\000g\000u\000r\000e\000\040\000P\000r\000o\000p\000e\000r\000t\000i\000e\000s}{subsection.C.0.1}% 79
\BOOKMARK [2][-]{subsection.C.0.4}{\376\377\000D\000i\000s\000c\000o\000u\000n\000t\000e\000d\000\040\000L\000Q\000R\000\040\000S\000o\000l\000u\000t\000i\000o\000n}{subsection.C.0.1}% 80
\BOOKMARK [2][-]{subsection.C.0.5}{\376\377\000D\000r\000a\000w\000\040\000a\000\040\000G\000o\000a\000l}{subsection.C.0.1}% 81
\BOOKMARK [2][-]{subsection.C.0.6}{\376\377\000F\000i\000g\000u\000r\000e\000\040\000S\000a\000v\000i\000n\000g}{subsection.C.0.1}% 82
\BOOKMARK [2][-]{subsection.C.0.7}{\376\377\000G\000e\000n\000e\000r\000a\000t\000e\000\040\000C\000h\000e\000b\000y\000s\000h\000e\000v\000\040\000P\000o\000l\000y\000n\000o\000m\000i\000a\000l\000s}{subsection.C.0.1}% 83
\BOOKMARK [2][-]{subsection.C.0.8}{\376\377\000B\000a\000t\000c\000h\000\040\000G\000e\000n\000e\000r\000a\000t\000e\000\040\000C\000o\000n\000j\000u\000g\000a\000t\000e\000\040\000B\000a\000s\000i\000s\000\040\000F\000u\000n\000c\000t\000i\000o\000n\000s}{subsection.C.0.1}% 84
\BOOKMARK [2][-]{subsection.C.0.9}{\376\377\000I\000t\000e\000r\000a\000t\000i\000v\000e\000l\000y\000\040\000G\000e\000n\000e\000r\000a\000t\000e\000\040\000C\000o\000n\000j\000u\000g\000a\000t\000e\000\040\000B\000a\000s\000i\000s\000\040\000F\000u\000n\000c\000t\000i\000o\000n\000s}{subsection.C.0.1}% 85
\BOOKMARK [2][-]{subsection.C.0.10}{\376\377\000I\000L\000C\000\040\000S\000i\000m\000u\000l\000a\000t\000i\000o\000n}{subsection.C.0.1}% 86
\BOOKMARK [2][-]{subsection.C.0.11}{\376\377\000P\000\040\000M\000a\000t\000r\000i\000x\000\040\000f\000r\000o\000m\000\040\000A\000B\000C\000D\000\040\000M\000o\000d\000e\000l}{subsection.C.0.1}% 87
\BOOKMARK [2][-]{subsection.C.0.12}{\376\377\000P\000l\000o\000t\000\040\000B\000a\000s\000i\000s\000\040\000C\000o\000e\000f\000f\000i\000c\000i\000e\000n\000t\000s}{subsection.C.0.1}% 88
\BOOKMARK [2][-]{subsection.C.0.13}{\376\377\000P\000l\000o\000t\000\040\000C\000o\000n\000t\000r\000o\000l\000l\000e\000r\000\040\000H\000i\000s\000t\000o\000r\000y}{subsection.C.0.1}% 89
\BOOKMARK [2][-]{subsection.C.0.14}{\376\377\000P\000l\000o\000t\000\040\000D\000u\000a\000l\000-\000M\000a\000s\000s\000\040\000S\000y\000s\000t\000e\000m}{subsection.C.0.1}% 90
\BOOKMARK [2][-]{subsection.C.0.15}{\376\377\000P\000l\000o\000t\000\040\000I\000t\000e\000r\000a\000t\000i\000v\000e\000\040\000L\000e\000a\000r\000n\000i\000n\000g\000\040\000C\000o\000n\000t\000r\000o\000l\000\040\000P\000r\000o\000b\000l\000e\000m}{subsection.C.0.1}% 91
\BOOKMARK [2][-]{subsection.C.0.16}{\376\377\000P\000o\000l\000i\000c\000y\000\040\000L\000e\000a\000r\000n\000i\000n\000g\000\040\000f\000o\000r\000\040\000I\000t\000e\000r\000a\000t\000i\000v\000e\000\040\000L\000e\000a\000r\000n\000i\000n\000g\000\040\000C\000o\000n\000t\000r\000o\000l}{subsection.C.0.1}% 92
\BOOKMARK [2][-]{subsection.C.0.17}{\376\377\000G\000e\000n\000e\000r\000a\000t\000e\000\040\000R\000a\000n\000d\000o\000m\000\040\000N\000u\000m\000b\000e\000r\000s\000\040\000i\000n\000\040\000a\000\040\000R\000a\000n\000g\000e}{subsection.C.0.1}% 93
\BOOKMARK [2][-]{subsection.C.0.18}{\376\377\000P\000l\000o\000t\000\040\000P\000o\000l\000e\000s}{subsection.C.0.1}% 94
